[2026-07-04 18:03:37] INFO Project Polaris started
[2026-07-04 18:03:37] INFO History summary generated
[2026-07-04 18:04:55] INFO Generated 5 topics
[2026-07-04 18:04:55] INFO Editor's Choice: 海底光ファイバが地震計になる：通信インフラを“感じる網”に変えるDAS
[2026-07-04 18:04:55] INFO Saved JSON: output/2026-07-04/meeting.json
[2026-07-04 18:04:55] INFO Saved Markdown: output/2026-07-04/meeting.md
[2026-07-04 18:04:55] INFO Project Polaris completed successfully
[2026-07-04 18:06:57] INFO Project Polaris started
[2026-07-04 18:06:57] INFO History summary generated
[2026-07-04 18:08:27] INFO Generated 5 topics
[2026-07-04 18:08:27] INFO Editor's Choice: 空調いらずに“宇宙へ放熱”する塗料：全天候型放射冷却の科学
[2026-07-04 18:08:27] INFO Saved JSON: output/2026-07-04/meeting.json
[2026-07-04 18:08:27] INFO Saved Markdown: output/2026-07-04/meeting.md
[2026-07-04 18:08:27] INFO Project Polaris completed successfully
[2026-07-04 18:15:16] INFO Project Polaris started
[2026-07-04 18:15:16] INFO History summary generated
[2026-07-04 18:16:40] INFO Generated 5 topics
[2026-07-04 18:16:40] INFO Editor's Choice: 空中で“触る”インターフェース：超音波ハプティクスのしくみと応用
[2026-07-04 18:16:40] INFO Saved JSON: output/2026-07-04/meeting.json
[2026-07-04 18:16:40] INFO Saved Markdown: output/2026-07-04/meeting.md
[2026-07-04 18:17:49] INFO Orion research completed
[2026-07-04 18:17:49] INFO Project Polaris completed successfully
[2026-07-04 18:24:34] INFO Project Polaris started
[2026-07-04 18:24:34] INFO History summary generated
[2026-07-04 18:25:37] INFO Generated 5 topics
[2026-07-04 18:25:37] INFO Editor's Choice: 宇宙で発電して地上へ送る：スペース・ソーラー発電と無線給電の現在地
[2026-07-04 18:25:37] INFO Saved JSON: output/2026-07-04/meeting.json
[2026-07-04 18:25:37] INFO Saved Markdown: output/2026-07-04/meeting.md
[2026-07-04 18:26:51] INFO Orion research completed
[2026-07-04 18:26:51] INFO Saved Research JSON: output/2026-07-04/research.json
[2026-07-04 18:26:51] INFO Saved Research Markdown: output/2026-07-04/research.md
[2026-07-04 18:26:51] INFO Project Polaris completed successfully
